E:\REPOSITORIES\PHOENIX\AURORA\LIBRARIES\LIBMICROHTTPD\XBOX\VS2010\RELEASE\BASE64.OBJ
E:\REPOSITORIES\PHOENIX\AURORA\LIBRARIES\LIBMICROHTTPD\XBOX\VS2010\RELEASE\BASICAUTH.OBJ
E:\Repositories\Phoenix\Aurora\Libraries\libmicrohttpd\xbox\VS2010\Release\cl.command.1.tlog
E:\Repositories\Phoenix\Aurora\Libraries\libmicrohttpd\xbox\VS2010\Release\CL.read.1.tlog
E:\Repositories\Phoenix\Aurora\Libraries\libmicrohttpd\xbox\VS2010\Release\CL.write.1.tlog
E:\REPOSITORIES\PHOENIX\AURORA\LIBRARIES\LIBMICROHTTPD\XBOX\VS2010\RELEASE\CONNECTION.OBJ
E:\REPOSITORIES\PHOENIX\AURORA\LIBRARIES\LIBMICROHTTPD\XBOX\VS2010\RELEASE\DAEMON.OBJ
E:\REPOSITORIES\PHOENIX\AURORA\LIBRARIES\LIBMICROHTTPD\XBOX\VS2010\RELEASE\DIGESTAUTH.OBJ
E:\REPOSITORIES\PHOENIX\AURORA\LIBRARIES\LIBMICROHTTPD\XBOX\VS2010\RELEASE\INTERNAL.OBJ
E:\Repositories\Phoenix\Aurora\Libraries\libmicrohttpd\xbox\VS2010\Release\lib.command.1.tlog
E:\Repositories\Phoenix\Aurora\Libraries\libmicrohttpd\xbox\VS2010\Release\Lib-link.read.1.tlog
E:\Repositories\Phoenix\Aurora\Libraries\libmicrohttpd\xbox\VS2010\Release\Lib-link.write.1.tlog
E:\REPOSITORIES\PHOENIX\AURORA\LIBRARIES\LIBMICROHTTPD\XBOX\VS2010\RELEASE\LIBMICROHTTPD.LIB
E:\Repositories\Phoenix\Aurora\Libraries\libmicrohttpd\xbox\VS2010\Release\libmicrohttpd.write.1.tlog
E:\REPOSITORIES\PHOENIX\AURORA\LIBRARIES\LIBMICROHTTPD\XBOX\VS2010\RELEASE\MD5.OBJ
E:\REPOSITORIES\PHOENIX\AURORA\LIBRARIES\LIBMICROHTTPD\XBOX\VS2010\RELEASE\MEMORYPOOL.OBJ
E:\REPOSITORIES\PHOENIX\AURORA\LIBRARIES\LIBMICROHTTPD\XBOX\VS2010\RELEASE\MHD_COMPAT.OBJ
E:\REPOSITORIES\PHOENIX\AURORA\LIBRARIES\LIBMICROHTTPD\XBOX\VS2010\RELEASE\MHD_ITC.OBJ
E:\REPOSITORIES\PHOENIX\AURORA\LIBRARIES\LIBMICROHTTPD\XBOX\VS2010\RELEASE\MHD_MONO_CLOCK.OBJ
E:\REPOSITORIES\PHOENIX\AURORA\LIBRARIES\LIBMICROHTTPD\XBOX\VS2010\RELEASE\MHD_SOCKETS.OBJ
E:\REPOSITORIES\PHOENIX\AURORA\LIBRARIES\LIBMICROHTTPD\XBOX\VS2010\RELEASE\MHD_STR.OBJ
E:\REPOSITORIES\PHOENIX\AURORA\LIBRARIES\LIBMICROHTTPD\XBOX\VS2010\RELEASE\MHD_THREADS.OBJ
E:\REPOSITORIES\PHOENIX\AURORA\LIBRARIES\LIBMICROHTTPD\XBOX\VS2010\RELEASE\POSTPROCESSOR.OBJ
E:\REPOSITORIES\PHOENIX\AURORA\LIBRARIES\LIBMICROHTTPD\XBOX\VS2010\RELEASE\REASON_PHRASE.OBJ
E:\REPOSITORIES\PHOENIX\AURORA\LIBRARIES\LIBMICROHTTPD\XBOX\VS2010\RELEASE\RESPONSE.OBJ
E:\REPOSITORIES\PHOENIX\AURORA\LIBRARIES\LIBMICROHTTPD\XBOX\VS2010\RELEASE\SYSFDSETSIZE.OBJ
E:\REPOSITORIES\PHOENIX\AURORA\LIBRARIES\LIBMICROHTTPD\XBOX\VS2010\RELEASE\TSEARCH.OBJ
E:\REPOSITORIES\PHOENIX\AURORA\LIBRARIES\LIBMICROHTTPD\XBOX\VS2010\RELEASE\VC100.PDB
