E:\REPOSITORIES\PHOENIX\AURORA\LIBRARIES\LIBMICROHTTPD\XBOX\VS2010\DEBUG\BASE64.OBJ
E:\REPOSITORIES\PHOENIX\AURORA\LIBRARIES\LIBMICROHTTPD\XBOX\VS2010\DEBUG\BASICAUTH.OBJ
E:\Repositories\Phoenix\Aurora\Libraries\libmicrohttpd\xbox\VS2010\Debug\cl.command.1.tlog
E:\Repositories\Phoenix\Aurora\Libraries\libmicrohttpd\xbox\VS2010\Debug\CL.read.1.tlog
E:\Repositories\Phoenix\Aurora\Libraries\libmicrohttpd\xbox\VS2010\Debug\CL.write.1.tlog
E:\REPOSITORIES\PHOENIX\AURORA\LIBRARIES\LIBMICROHTTPD\XBOX\VS2010\DEBUG\CONNECTION.OBJ
E:\REPOSITORIES\PHOENIX\AURORA\LIBRARIES\LIBMICROHTTPD\XBOX\VS2010\DEBUG\DAEMON.OBJ
E:\REPOSITORIES\PHOENIX\AURORA\LIBRARIES\LIBMICROHTTPD\XBOX\VS2010\DEBUG\DIGESTAUTH.OBJ
E:\REPOSITORIES\PHOENIX\AURORA\LIBRARIES\LIBMICROHTTPD\XBOX\VS2010\DEBUG\INTERNAL.OBJ
E:\Repositories\Phoenix\Aurora\Libraries\libmicrohttpd\xbox\VS2010\Debug\lib.command.1.tlog
E:\Repositories\Phoenix\Aurora\Libraries\libmicrohttpd\xbox\VS2010\Debug\Lib-link.read.1.tlog
E:\Repositories\Phoenix\Aurora\Libraries\libmicrohttpd\xbox\VS2010\Debug\Lib-link.write.1.tlog
E:\REPOSITORIES\PHOENIX\AURORA\LIBRARIES\LIBMICROHTTPD\XBOX\VS2010\DEBUG\LIBMICROHTTPD.LIB
E:\Repositories\Phoenix\Aurora\Libraries\libmicrohttpd\xbox\VS2010\Debug\libmicrohttpd.vcxprojResolveAssemblyReference.cache
E:\Repositories\Phoenix\Aurora\Libraries\libmicrohttpd\xbox\VS2010\Debug\libmicrohttpd.write.1.tlog
E:\REPOSITORIES\PHOENIX\AURORA\LIBRARIES\LIBMICROHTTPD\XBOX\VS2010\DEBUG\MD5.OBJ
E:\REPOSITORIES\PHOENIX\AURORA\LIBRARIES\LIBMICROHTTPD\XBOX\VS2010\DEBUG\MEMORYPOOL.OBJ
E:\REPOSITORIES\PHOENIX\AURORA\LIBRARIES\LIBMICROHTTPD\XBOX\VS2010\DEBUG\MHD_COMPAT.OBJ
E:\REPOSITORIES\PHOENIX\AURORA\LIBRARIES\LIBMICROHTTPD\XBOX\VS2010\DEBUG\MHD_ITC.OBJ
E:\REPOSITORIES\PHOENIX\AURORA\LIBRARIES\LIBMICROHTTPD\XBOX\VS2010\DEBUG\MHD_MONO_CLOCK.OBJ
E:\REPOSITORIES\PHOENIX\AURORA\LIBRARIES\LIBMICROHTTPD\XBOX\VS2010\DEBUG\MHD_SOCKETS.OBJ
E:\REPOSITORIES\PHOENIX\AURORA\LIBRARIES\LIBMICROHTTPD\XBOX\VS2010\DEBUG\MHD_STR.OBJ
E:\REPOSITORIES\PHOENIX\AURORA\LIBRARIES\LIBMICROHTTPD\XBOX\VS2010\DEBUG\MHD_THREADS.OBJ
E:\REPOSITORIES\PHOENIX\AURORA\LIBRARIES\LIBMICROHTTPD\XBOX\VS2010\DEBUG\POSTPROCESSOR.OBJ
E:\REPOSITORIES\PHOENIX\AURORA\LIBRARIES\LIBMICROHTTPD\XBOX\VS2010\DEBUG\REASON_PHRASE.OBJ
E:\REPOSITORIES\PHOENIX\AURORA\LIBRARIES\LIBMICROHTTPD\XBOX\VS2010\DEBUG\RESPONSE.OBJ
E:\REPOSITORIES\PHOENIX\AURORA\LIBRARIES\LIBMICROHTTPD\XBOX\VS2010\DEBUG\SYSFDSETSIZE.OBJ
E:\REPOSITORIES\PHOENIX\AURORA\LIBRARIES\LIBMICROHTTPD\XBOX\VS2010\DEBUG\TSEARCH.OBJ
E:\Repositories\Phoenix\Aurora\Libraries\libmicrohttpd\xbox\VS2010\Debug\vc100.idb
E:\REPOSITORIES\PHOENIX\AURORA\LIBRARIES\LIBMICROHTTPD\XBOX\VS2010\DEBUG\VC100.PDB
